0 info it worked if it ends with ok
1 verbose cli [ 'node', '/usr/local/bin/npm', 'run', 'test-all' ]
2 info using npm@1.4.9
3 info using node@v0.10.28
4 verbose run-script [ 'pretest-all', 'test-all', 'posttest-all' ]
5 info pretest-all ember-cli@0.1.0
6 info test-all ember-cli@0.1.0
7 verbose unsafe-perm in lifecycle true
8 info ember-cli@0.1.0 Failed to exec test-all script
9 error ember-cli@0.1.0 test-all: `node tests/runner all`
9 error Exit status 1
10 error Failed at the ember-cli@0.1.0 test-all script.
10 error This is most likely a problem with the ember-cli package,
10 error not with npm itself.
10 error Tell the author that this fails on your system:
10 error     node tests/runner all
10 error You can get their info via:
10 error     npm owner ls ember-cli
10 error There is likely additional logging output above.
11 error System Darwin 14.0.0
12 error command "node" "/usr/local/bin/npm" "run" "test-all"
13 error cwd /Users/joostdevries/closealert/src/forks/ember-cli
14 error node -v v0.10.28
15 error npm -v 1.4.9
16 error code ELIFECYCLE
17 verbose exit [ 1, true ]
